<?xml version="1.0" encoding="UTF-8"?>
<!-- Generated by org.testng.reporters.JUnitReportReporter -->
<testsuite skipped="0" hostname="B2ML23982" name="com.mercury.org.testexecute.test.BookingTest" tests="1" failures="0" timestamp="01 Jun 2020 07:47:11 GMT" time="66.429" errors="0">
  <testcase name="bookingTest" time="66.429" classname="com.mercury.org.testexecute.test.BookingTest"/>
</testsuite> <!-- com.mercury.org.testexecute.test.BookingTest -->
