<?xml version="1.0" encoding="UTF-8"?>
<!-- Generated by org.testng.reporters.JUnitReportReporter -->
<testsuite skipped="0" hostname="B2ML23982" name="com.mercury.org.testexecute.test.RegisterTest" tests="1" failures="0" timestamp="01 Jun 2020 07:47:11 GMT" time="5.454" errors="0">
  <testcase name="verifyValidCredentials" time="5.454" classname="com.mercury.org.testexecute.test.RegisterTest"/>
</testsuite> <!-- com.mercury.org.testexecute.test.RegisterTest -->
